<?xml version="1.0" encoding="UTF-8"?>
<!-- Generated by org.testng.reporters.JUnitReportReporter -->
<testsuite hostname="DESKTOP-SBA9KVG" failures="0" tests="1" name="test.TestBatches" time="43.671" errors="0" timestamp="2022-07-18T21:59:53 IST" skipped="0">
  <testcase classname="test.TestBatches" name="TestBatch1" time="43.671"/>
  <system-out/>
</testsuite> <!-- test.TestBatches -->
